[2023-01-14T17:15:41.461570+01:00] Eventos de login de usuario.INFO: El usuario 1 ha iniciado sesión [] []
[2023-01-14T17:16:42.848886+01:00] Eventos de login de usuario.INFO: El usuario 1 ha iniciado sesión [] []
[2023-01-14T17:40:49.482473+01:00] Eventos de login de usuario.INFO: El usuario 1 ha iniciado sesión [] []
[2023-01-14T17:43:30.748506+01:00] Eventos de login de usuario.INFO: El usuario 1 ha iniciado sesión [] []
[2023-01-14T17:43:35.527381+01:00] Eventos de login de usuario.INFO: El usuario 1 ha iniciado sesión [] []
[2023-01-14T17:43:36.879936+01:00] Eventos de login de usuario.INFO: El usuario 1 ha iniciado sesión [] []
[2023-01-14T17:43:37.960843+01:00] Eventos de login de usuario.INFO: El usuario 1 ha iniciado sesión [] []
[2023-01-14T17:43:39.134198+01:00] Eventos de login de usuario.INFO: El usuario 1 ha iniciado sesión [] []
[2023-01-14T17:43:42.889324+01:00] Eventos de login de usuario.INFO: El usuario 1 ha iniciado sesión [] []
[2023-01-14T17:44:16.546528+01:00] Eventos de login de usuario.INFO: El usuario 1 ha iniciado sesión [] []
[2023-01-14T17:50:19.126505+01:00] Eventos de login de usuario.INFO: El usuario 1 ha iniciado sesión [] []
[2023-01-14T17:51:18.240491+01:00] Eventos de login de usuario.INFO: El usuario 1 ha iniciado sesión [] []
[2023-01-14T17:51:38.237359+01:00] Eventos de login de usuario.INFO: El usuario 1 ha iniciado sesión [] []
[2023-01-14T17:51:45.928209+01:00] Eventos de login de usuario.INFO: El usuario 1 ha iniciado sesión [] []
[2023-01-14T17:51:48.555231+01:00] Eventos de login de usuario.INFO: El usuario 1 ha iniciado sesión [] []
[2023-01-14T17:52:01.136065+01:00] Eventos de login de usuario.INFO: El usuario 1 ha iniciado sesión [] []
[2023-01-14T17:52:02.982188+01:00] Eventos de login de usuario.INFO: El usuario 1 ha iniciado sesión [] []
[2023-01-14T17:52:28.991009+01:00] Eventos de login de usuario.INFO: El usuario 1 ha iniciado sesión [] []
[2023-01-14T17:52:49.856178+01:00] Eventos de login de usuario.INFO: El usuario 1 ha iniciado sesión [] []
[2023-01-14T17:52:55.107906+01:00] Eventos de login de usuario.INFO: El usuario 1 ha iniciado sesión [] []
[2023-01-14T17:53:14.085825+01:00] Eventos de login de usuario.INFO: El usuario 1 ha iniciado sesión [] []
[2023-01-14T17:53:15.712008+01:00] Eventos de login de usuario.INFO: El usuario 1 ha iniciado sesión [] []
[2023-01-14T17:53:17.618689+01:00] Eventos de login de usuario.INFO: El usuario 1 ha iniciado sesión [] []
[2023-01-14T17:53:18.887349+01:00] Eventos de login de usuario.INFO: El usuario 1 ha iniciado sesión [] []
[2023-01-14T17:53:25.257145+01:00] Eventos de login de usuario.INFO: El usuario 1 ha iniciado sesión [] []
[2023-01-14T17:53:26.836061+01:00] Eventos de login de usuario.INFO: El usuario 1 ha iniciado sesión [] []
[2023-01-14T18:13:15.779391+01:00] Eventos de login de usuario.INFO: El usuario 1 ha iniciado sesión [] []
[2023-01-14T18:13:19.698124+01:00] Eventos de login de usuario.INFO: El usuario 1 ha iniciado sesión [] []
[2023-01-14T18:13:23.034262+01:00] Eventos de login de usuario.INFO: El usuario 1 ha iniciado sesión [] []
[2023-01-14T18:13:25.563911+01:00] Eventos de login de usuario.INFO: El usuario 1 ha iniciado sesión [] []
[2023-01-14T18:50:39.546784+01:00] Eventos de login de usuario.INFO: El usuario 1 ha iniciado sesión [] []
[2023-01-14T18:50:43.029652+01:00] Eventos de login de usuario.INFO: El usuario 1 ha iniciado sesión [] []
[2023-01-14T18:50:45.611457+01:00] Eventos de login de usuario.INFO: El usuario 1 ha iniciado sesión [] []
[2023-01-14T19:01:57.898766+01:00] Eventos de login de usuario.INFO: El usuario 1 ha iniciado sesión [] []
[2023-01-14T19:02:01.512546+01:00] Eventos de login de usuario.INFO: El usuario 1 ha iniciado sesión [] []
[2023-01-14T19:02:03.842861+01:00] Eventos de login de usuario.INFO: El usuario 1 ha iniciado sesión [] []
[2023-01-14T19:02:40.624575+01:00] Eventos de login de usuario.INFO: El usuario 1 ha iniciado sesión [] []
[2023-01-14T19:02:42.223306+01:00] Eventos de login de usuario.INFO: El usuario 1 ha iniciado sesión [] []
[2023-01-14T19:02:43.748252+01:00] Eventos de login de usuario.INFO: El usuario 1 ha iniciado sesión [] []
[2023-01-14T19:07:18.525138+01:00] Eventos de login de usuario.INFO: El usuario 1 ha iniciado sesión [] []
[2023-01-14T19:07:20.049747+01:00] Eventos de login de usuario.INFO: El usuario 1 ha iniciado sesión [] []
[2023-01-14T19:08:02.829448+01:00] Eventos de login de usuario.INFO: El usuario 1 ha iniciado sesión [] []
[2023-01-14T19:08:17.096446+01:00] Eventos de login de usuario.INFO: El usuario 1 ha iniciado sesión [] []
[2023-01-14T19:08:19.250498+01:00] Eventos de login de usuario.INFO: El usuario 1 ha iniciado sesión [] []
[2023-01-14T19:08:22.413403+01:00] Eventos de login de usuario.INFO: El usuario 1 ha iniciado sesión [] []
[2023-01-14T19:09:36.527612+01:00] Eventos de login de usuario.INFO: El usuario 1 ha iniciado sesión [] []
[2023-01-14T19:09:38.283273+01:00] Eventos de login de usuario.INFO: El usuario 1 ha iniciado sesión [] []
[2023-01-14T19:09:44.255126+01:00] Eventos de login de usuario.INFO: El usuario 1 ha iniciado sesión [] []
[2023-01-14T19:09:46.146732+01:00] Eventos de login de usuario.INFO: El usuario 1 ha iniciado sesión [] []
[2023-01-14T19:09:47.355011+01:00] Eventos de login de usuario.INFO: El usuario 1 ha iniciado sesión [] []
[2023-01-14T19:10:03.893942+01:00] Eventos de login de usuario.INFO: El usuario 1 ha iniciado sesión [] []
[2023-01-14T19:10:37.704308+01:00] Eventos de login de usuario.INFO: El usuario 1 ha iniciado sesión [] []
[2023-01-14T19:10:40.191370+01:00] Eventos de login de usuario.INFO: El usuario 1 ha iniciado sesión [] []
[2023-01-14T19:10:46.238082+01:00] Eventos de login de usuario.INFO: El usuario 1 ha iniciado sesión [] []
[2023-01-14T19:10:49.259431+01:00] Eventos de login de usuario.INFO: El usuario 1 ha iniciado sesión [] []
[2023-01-14T19:10:50.667136+01:00] Eventos de login de usuario.INFO: El usuario 1 ha iniciado sesión [] []
[2023-01-14T19:13:05.079243+01:00] Eventos de login de usuario.INFO: El usuario 1 ha iniciado sesión [] []
[2023-01-14T19:13:06.897886+01:00] Eventos de login de usuario.INFO: El usuario 1 ha iniciado sesión [] []
[2023-01-14T19:13:08.434975+01:00] Eventos de login de usuario.INFO: El usuario 1 ha iniciado sesión [] []
[2023-01-14T19:13:09.793699+01:00] Eventos de login de usuario.INFO: El usuario 1 ha iniciado sesión [] []
[2023-01-14T19:13:10.977914+01:00] Eventos de login de usuario.INFO: El usuario 1 ha iniciado sesión [] []
[2023-01-14T19:14:05.084739+01:00] Eventos de login de usuario.INFO: El usuario 1 ha iniciado sesión [] []
[2023-01-14T19:14:06.619188+01:00] Eventos de login de usuario.INFO: El usuario 1 ha iniciado sesión [] []
[2023-01-14T19:14:08.282979+01:00] Eventos de login de usuario.INFO: El usuario 1 ha iniciado sesión [] []
[2023-01-14T19:14:38.695904+01:00] Eventos de login de usuario.INFO: El usuario 1 ha iniciado sesión [] []
[2023-01-14T19:14:40.517101+01:00] Eventos de login de usuario.INFO: El usuario 1 ha iniciado sesión [] []
[2023-01-14T19:14:42.561831+01:00] Eventos de login de usuario.INFO: El usuario 1 ha iniciado sesión [] []
[2023-01-14T19:17:05.217928+01:00] Eventos de login de usuario.INFO: El usuario 1 ha iniciado sesión [] []
[2023-01-14T19:17:12.642429+01:00] Eventos de login de usuario.INFO: El usuario 1 ha iniciado sesión [] []
[2023-01-14T19:17:14.758216+01:00] Eventos de login de usuario.INFO: El usuario 1 ha iniciado sesión [] []
[2023-01-14T19:17:23.511646+01:00] Eventos de login de usuario.INFO: El usuario 1 ha iniciado sesión [] []
[2023-01-14T19:17:37.150347+01:00] Eventos de login de usuario.INFO: El usuario 1 ha iniciado sesión [] []
[2023-01-14T19:17:56.794212+01:00] Eventos de login de usuario.INFO: El usuario 1 ha iniciado sesión [] []
[2023-01-14T19:18:08.419059+01:00] Eventos de login de usuario.INFO: El usuario 1 ha iniciado sesión [] []
[2023-01-14T19:18:24.050736+01:00] Eventos de login de usuario.INFO: El usuario 1 ha iniciado sesión [] []
[2023-01-14T19:18:29.579830+01:00] Eventos de login de usuario.INFO: El usuario 1 ha iniciado sesión [] []
[2023-01-14T19:18:31.079504+01:00] Eventos de login de usuario.INFO: El usuario 1 ha iniciado sesión [] []
[2023-01-14T19:18:54.288989+01:00] Eventos de login de usuario.INFO: El usuario 1 ha iniciado sesión [] []
[2023-01-14T19:19:11.093036+01:00] Eventos de login de usuario.INFO: El usuario 1 ha iniciado sesión [] []
[2023-01-14T19:19:17.926457+01:00] Eventos de login de usuario.INFO: El usuario 1 ha iniciado sesión [] []
[2023-01-14T19:19:46.536455+01:00] Eventos de login de usuario.INFO: El usuario 1 ha iniciado sesión [] []
[2023-01-14T19:19:47.954858+01:00] Eventos de login de usuario.INFO: El usuario 1 ha iniciado sesión [] []
[2023-01-14T19:20:12.968145+01:00] Eventos de login de usuario.INFO: El usuario 1 ha iniciado sesión [] []
[2023-01-14T19:20:15.363415+01:00] Eventos de login de usuario.INFO: El usuario 1 ha iniciado sesión [] []
[2023-01-14T19:20:37.851171+01:00] Eventos de login de usuario.INFO: El usuario 1 ha iniciado sesión [] []
[2023-01-14T19:20:40.097301+01:00] Eventos de login de usuario.INFO: El usuario 1 ha iniciado sesión [] []
[2023-01-14T19:20:41.432185+01:00] Eventos de login de usuario.INFO: El usuario 1 ha iniciado sesión [] []
[2023-01-14T19:21:04.034215+01:00] Eventos de login de usuario.INFO: El usuario 1 ha iniciado sesión [] []
[2023-01-14T19:21:05.576617+01:00] Eventos de login de usuario.INFO: El usuario 1 ha iniciado sesión [] []
[2023-01-14T19:21:27.933558+01:00] Eventos de login de usuario.INFO: El usuario 1 ha iniciado sesión [] []
[2023-01-14T19:21:31.912061+01:00] Eventos de login de usuario.INFO: El usuario 1 ha iniciado sesión [] []
[2023-01-14T19:21:34.632176+01:00] Eventos de login de usuario.INFO: El usuario 1 ha iniciado sesión [] []
[2023-01-14T19:21:37.033218+01:00] Eventos de login de usuario.INFO: El usuario 1 ha iniciado sesión [] []
[2023-01-14T19:22:57.046954+01:00] Eventos de login de usuario.INFO: El usuario 1 ha iniciado sesión [] []
[2023-01-14T19:22:59.586467+01:00] Eventos de login de usuario.INFO: El usuario 1 ha iniciado sesión [] []
[2023-01-14T19:24:28.788888+01:00] Eventos de login de usuario.INFO: El usuario 1 ha iniciado sesión [] []
[2023-01-14T19:24:31.724389+01:00] Eventos de login de usuario.INFO: El usuario 1 ha iniciado sesión [] []
[2023-01-14T19:24:33.930290+01:00] Eventos de login de usuario.INFO: El usuario 1 ha iniciado sesión [] []
[2023-01-14T19:25:26.362261+01:00] Eventos de login de usuario.INFO: El usuario 1 ha iniciado sesión [] []
[2023-01-14T19:25:46.278479+01:00] Eventos de login de usuario.INFO: El usuario 1 ha iniciado sesión [] []
[2023-01-14T19:25:50.456439+01:00] Eventos de login de usuario.INFO: El usuario 1 ha iniciado sesión [] []
[2023-01-14T19:25:52.777292+01:00] Eventos de login de usuario.INFO: El usuario 1 ha iniciado sesión [] []
[2023-01-14T19:28:03.272151+01:00] Eventos de login de usuario.INFO: El usuario 1 ha iniciado sesión [] []
[2023-01-14T19:28:05.185200+01:00] Eventos de login de usuario.INFO: El usuario 1 ha iniciado sesión [] []
[2023-01-14T19:28:06.790865+01:00] Eventos de login de usuario.INFO: El usuario 1 ha iniciado sesión [] []
[2023-01-14T19:28:08.539184+01:00] Eventos de login de usuario.INFO: El usuario 1 ha iniciado sesión [] []
[2023-01-14T19:28:25.387166+01:00] Eventos de login de usuario.INFO: El usuario 1 ha iniciado sesión [] []
[2023-01-14T19:28:32.615296+01:00] Eventos de login de usuario.INFO: El usuario 1 ha iniciado sesión [] []
[2023-01-14T19:28:35.409786+01:00] Eventos de login de usuario.INFO: El usuario 1 ha iniciado sesión [] []
[2023-01-14T19:28:37.959806+01:00] Eventos de login de usuario.INFO: El usuario 1 ha iniciado sesión [] []
[2023-01-14T19:29:33.893985+01:00] Eventos de login de usuario.INFO: El usuario 1 ha iniciado sesión [] []
[2023-01-14T19:29:35.505270+01:00] Eventos de login de usuario.INFO: El usuario 1 ha iniciado sesión [] []
[2023-01-14T19:29:36.708377+01:00] Eventos de login de usuario.INFO: El usuario 1 ha iniciado sesión [] []
[2023-01-14T19:29:49.178943+01:00] Eventos de login de usuario.INFO: El usuario 1 ha iniciado sesión [] []
[2023-01-14T19:29:50.587249+01:00] Eventos de login de usuario.INFO: El usuario 1 ha iniciado sesión [] []
[2023-01-14T20:18:08.539966+01:00] Eventos de login de usuario.INFO: El usuario 1 ha iniciado sesión [] []
[2023-01-14T20:19:29.950819+01:00] Eventos de login de usuario.INFO: El usuario 1 ha iniciado sesión [] []
[2023-01-14T20:21:54.409390+01:00] Eventos de login de usuario.INFO: El usuario 1 ha iniciado sesión [] []
[2023-01-14T20:57:03.319396+01:00] Eventos de login de usuario.INFO: El usuario 1 ha iniciado sesión [] []
[2023-01-14T20:58:04.211943+01:00] Eventos de login de usuario.INFO: El usuario 1 ha iniciado sesión [] []
[2023-01-14T20:58:36.039230+01:00] Eventos de login de usuario.INFO: El usuario 1 ha iniciado sesión [] []
[2023-01-14T20:58:40.704714+01:00] Eventos de login de usuario.INFO: El usuario 1 ha iniciado sesión [] []
[2023-01-14T20:59:01.372052+01:00] Eventos de login de usuario.INFO: El usuario 1 ha iniciado sesión [] []
[2023-01-14T20:59:04.693613+01:00] Eventos de login de usuario.INFO: El usuario 1 ha iniciado sesión [] []
[2023-01-14T20:59:07.689655+01:00] Eventos de login de usuario.INFO: El usuario 1 ha iniciado sesión [] []
[2023-01-14T20:59:13.379638+01:00] Eventos de login de usuario.INFO: El usuario 1 ha iniciado sesión [] []
[2023-01-14T20:59:43.841548+01:00] Eventos de login de usuario.INFO: El usuario 1 ha iniciado sesión [] []
[2023-01-14T20:59:48.582667+01:00] Eventos de login de usuario.INFO: El usuario 1 ha iniciado sesión [] []
[2023-01-14T21:00:06.241605+01:00] Eventos de login de usuario.INFO: El usuario 1 ha iniciado sesión [] []
[2023-01-14T21:00:09.414677+01:00] Eventos de login de usuario.INFO: El usuario 1 ha iniciado sesión [] []
[2023-01-14T21:00:23.024731+01:00] Eventos de login de usuario.INFO: El usuario 1 ha iniciado sesión [] []
[2023-01-14T21:00:27.001994+01:00] Eventos de login de usuario.INFO: El usuario 1 ha iniciado sesión [] []
[2023-01-14T21:01:35.963994+01:00] Eventos de login de usuario.INFO: El usuario 1 ha iniciado sesión [] []
[2023-01-14T21:01:45.772508+01:00] Eventos de login de usuario.INFO: El usuario 1 ha iniciado sesión [] []
[2023-01-14T21:02:06.939581+01:00] Eventos de login de usuario.INFO: El usuario 1 ha iniciado sesión [] []
[2023-01-14T21:02:09.588163+01:00] Eventos de login de usuario.INFO: El usuario 1 ha iniciado sesión [] []
[2023-01-14T21:02:30.857541+01:00] Eventos de login de usuario.INFO: El usuario 1 ha iniciado sesión [] []
[2023-01-14T21:03:26.874250+01:00] Eventos de login de usuario.INFO: El usuario 1 ha iniciado sesión [] []
[2023-01-14T21:04:24.168933+01:00] Eventos de login de usuario.INFO: El usuario 1 ha iniciado sesión [] []
[2023-01-14T21:07:55.181595+01:00] Eventos de login de usuario.INFO: El usuario 1 ha iniciado sesión [] []
[2023-01-14T21:11:18.431494+01:00] Eventos de login de usuario.INFO: El usuario 1 ha iniciado sesión [] []
[2023-01-14T21:13:02.548670+01:00] Eventos de login de usuario.INFO: El usuario 1 ha iniciado sesión [] []
[2023-01-14T21:15:39.042257+01:00] Eventos de login de usuario.INFO: El usuario 1 ha iniciado sesión [] []
[2023-01-14T21:17:36.961082+01:00] Eventos de login de usuario.INFO: El usuario 1 ha iniciado sesión [] []
[2023-01-14T21:19:14.353511+01:00] Eventos de login de usuario.INFO: El usuario 1 ha iniciado sesión [] []
[2023-01-14T21:21:46.644833+01:00] Eventos de login de usuario.INFO: El usuario 1 ha iniciado sesión [] []
[2023-01-14T21:22:13.305837+01:00] Eventos de login de usuario.INFO: El usuario 1 ha iniciado sesión [] []
[2023-01-14T21:23:14.416757+01:00] Eventos de login de usuario.INFO: El usuario 1 ha iniciado sesión [] []
[2023-01-14T21:23:28.046143+01:00] Eventos de login de usuario.INFO: El usuario 1 ha iniciado sesión [] []
[2023-01-14T21:24:07.609364+01:00] Eventos de login de usuario.INFO: El usuario 1 ha iniciado sesión [] []
[2023-01-14T21:25:12.706257+01:00] Eventos de login de usuario.INFO: El usuario 1 ha iniciado sesión [] []
[2023-01-14T21:25:38.522894+01:00] Eventos de login de usuario.INFO: El usuario 1 ha iniciado sesión [] []
[2023-01-14T21:26:32.944136+01:00] Eventos de login de usuario.INFO: El usuario 1 ha iniciado sesión [] []
[2023-01-14T21:27:34.350967+01:00] Eventos de login de usuario.INFO: El usuario 1 ha iniciado sesión [] []
[2023-01-14T21:29:29.796586+01:00] Eventos de login de usuario.INFO: El usuario 1 ha iniciado sesión [] []
[2023-01-14T21:30:13.498391+01:00] Eventos de login de usuario.INFO: El usuario 1 ha iniciado sesión [] []
[2023-01-14T21:30:44.775299+01:00] Eventos de login de usuario.INFO: El usuario 1 ha iniciado sesión [] []
[2023-01-14T21:31:16.164618+01:00] Eventos de login de usuario.INFO: El usuario 1 ha iniciado sesión [] []
[2023-01-14T21:31:56.695879+01:00] Eventos de login de usuario.INFO: El usuario 1 ha iniciado sesión [] []
[2023-01-14T21:32:24.439488+01:00] Eventos de login de usuario.INFO: El usuario 1 ha iniciado sesión [] []
[2023-01-14T21:32:53.291850+01:00] Eventos de login de usuario.INFO: El usuario 1 ha iniciado sesión [] []
[2023-01-14T21:34:54.510031+01:00] Eventos de login de usuario.INFO: El usuario 1 ha iniciado sesión [] []
[2023-01-14T21:35:38.154950+01:00] Eventos de login de usuario.INFO: El usuario 1 ha iniciado sesión [] []
[2023-01-14T22:26:39.165992+01:00] Eventos de login de usuario.INFO: El usuario 1 ha iniciado sesión [] []
[2023-01-14T22:28:05.258167+01:00] Eventos de login de usuario.INFO: El usuario 1 ha iniciado sesión [] []
[2023-01-14T22:28:31.954654+01:00] Eventos de login de usuario.INFO: El usuario 1 ha iniciado sesión [] []
[2023-01-14T22:30:23.529218+01:00] Eventos de login de usuario.INFO: El usuario 1 ha iniciado sesión [] []
[2023-01-14T22:31:18.314594+01:00] Eventos de login de usuario.INFO: El usuario 1 ha iniciado sesión [] []
[2023-01-14T22:31:46.578158+01:00] Eventos de login de usuario.INFO: El usuario 1 ha iniciado sesión [] []
[2023-01-14T22:32:34.251188+01:00] Eventos de login de usuario.INFO: El usuario 1 ha iniciado sesión [] []
[2023-01-14T22:35:18.339202+01:00] Eventos de login de usuario.INFO: El usuario 1 ha iniciado sesión [] []
[2023-01-14T22:35:43.482826+01:00] Eventos de login de usuario.INFO: El usuario 1 ha iniciado sesión [] []
[2023-01-15T01:59:39.258952+01:00] Eventos de login de usuario.INFO: El usuario 1 ha iniciado sesión [] []
[2023-01-15T02:00:26.641181+01:00] Eventos de login de usuario.INFO: El usuario 1 ha iniciado sesión [] []
[2023-01-15T02:01:27.345680+01:00] Eventos de login de usuario.INFO: El usuario 1 ha iniciado sesión [] []
[2023-01-15T02:01:50.018199+01:00] Eventos de login de usuario.INFO: El usuario 1 ha iniciado sesión [] []
[2023-01-15T02:02:39.771058+01:00] Eventos de login de usuario.INFO: El usuario 1 ha iniciado sesión [] []
[2023-01-15T02:05:13.232355+01:00] Eventos de login de usuario.INFO: El usuario 1 ha iniciado sesión [] []
[2023-01-15T02:06:25.827888+01:00] Eventos de login de usuario.INFO: El usuario 1 ha iniciado sesión [] []
[2023-01-15T02:07:12.169804+01:00] Eventos de login de usuario.INFO: El usuario 1 ha iniciado sesión [] []
[2023-01-15T02:09:26.587522+01:00] Eventos de login de usuario.WARNING: Usuario usercode y Contraseña password Incorrectos introducido [] []
[2023-01-15T02:09:35.672300+01:00] Eventos de login de usuario.INFO: El usuario 1 ha iniciado sesión [] []
[2023-01-15T02:10:00.061014+01:00] Eventos de login de usuario.WARNING: Usuario usercode y Contraseña password Incorrectos introducido [] []
[2023-01-15T02:11:26.487603+01:00] Eventos de login de usuario.WARNING: Usuario usercode y Contraseña password Incorrectos introducido [] []
[2023-01-15T02:11:28.374473+01:00] Eventos de login de usuario.WARNING: Usuario usercode y Contraseña password Incorrectos introducido [] []
[2023-01-15T02:12:08.550117+01:00] Eventos de login de usuario.INFO: El usuario 1 ha iniciado sesión [] []
[2023-01-15T02:12:19.548914+01:00] Eventos de login de usuario.INFO: El usuario 1 ha cerrado sesión [] []
[2023-01-15T02:12:41.641370+01:00] Eventos de login de usuario.INFO: El usuario 1 ha iniciado sesión [] []
[2023-01-15T02:13:44.091445+01:00] Eventos de login de usuario.INFO: El usuario 1 ha iniciado sesión [] []
[2023-01-15T02:14:43.993340+01:00] Eventos de login de usuario.INFO: El usuario 1 ha iniciado sesión [] []
[2023-01-15T02:15:54.703464+01:00] Eventos de login de usuario.INFO: El usuario 1 ha iniciado sesión [] []
[2023-01-15T02:16:05.763816+01:00] Eventos de login de usuario.INFO: El usuario 1 ha cerrado sesión [] []
[2023-01-15T02:16:13.601101+01:00] Eventos de login de usuario.INFO: El usuario 1 ha iniciado sesión [] []
[2023-01-15T02:17:09.707012+01:00] Eventos de login de usuario.WARNING: Usuario usercode y Contraseña password Incorrectos introducido [] []
[2023-01-15T02:17:10.856317+01:00] Eventos de login de usuario.WARNING: Usuario usercode y Contraseña password Incorrectos introducido [] []
[2023-01-15T02:17:18.461890+01:00] Eventos de login de usuario.INFO: El usuario 1 ha iniciado sesión [] []
[2023-01-15T02:17:42.528812+01:00] Eventos de login de usuario.INFO: El usuario 1 ha iniciado sesión [] []
[2023-01-15T02:19:45.802687+01:00] Eventos de login de usuario.WARNING: Usuario usercode y Contraseña password Incorrectos introducido [] []
[2023-01-15T02:19:47.814216+01:00] Eventos de login de usuario.WARNING: Usuario usercode y Contraseña password Incorrectos introducido [] []
[2023-01-15T02:19:49.332344+01:00] Eventos de login de usuario.WARNING: Usuario usercode y Contraseña password Incorrectos introducido [] []
[2023-01-15T02:19:52.146211+01:00] Eventos de login de usuario.WARNING: Usuario usercode y Contraseña password Incorrectos introducido [] []
[2023-01-15T02:19:59.375701+01:00] Eventos de login de usuario.WARNING: Usuario usercode y Contraseña password Incorrectos introducido [] []
[2023-01-15T02:20:04.456972+01:00] Eventos de login de usuario.WARNING: Usuario usercode y Contraseña password Incorrectos introducido [] []
[2023-01-15T02:20:12.737306+01:00] Eventos de login de usuario.WARNING: Usuario usercode y Contraseña password Incorrectos introducido [] []
[2023-01-15T02:20:19.531137+01:00] Eventos de login de usuario.INFO: El usuario 1 ha iniciado sesión [] []
[2023-01-15T02:21:00.882303+01:00] Eventos de login de usuario.INFO: El usuario 1 ha iniciado sesión [] []
[2023-01-15T02:22:21.718518+01:00] Eventos de login de usuario.WARNING: Usuario usercode y Contraseña password Incorrectos introducido [] []
[2023-01-15T02:22:30.949855+01:00] Eventos de login de usuario.INFO: El usuario 1 ha iniciado sesión [] []
[2023-01-15T02:23:08.351619+01:00] Eventos de login de usuario.INFO: El usuario 1 ha iniciado sesión [] []
[2023-01-15T02:23:31.610482+01:00] Eventos de login de usuario.WARNING: Usuario usercode y Contraseña password Incorrectos introducido [] []
[2023-01-15T02:23:44.069035+01:00] Eventos de login de usuario.INFO: El usuario 1 ha iniciado sesión [] []
[2023-01-15T02:24:07.897362+01:00] Eventos de login de usuario.INFO: El usuario 1 ha cerrado sesión [] []
[2023-01-15T02:24:24.623954+01:00] Eventos de login de usuario.INFO: El usuario 1 ha iniciado sesión [] []
[2023-01-15T02:24:46.903279+01:00] Eventos de login de usuario.INFO: El usuario 1 ha cerrado sesión [] []
[2023-01-15T02:24:50.011184+01:00] Eventos de login de usuario.INFO: El usuario 1 ha iniciado sesión [] []
[2023-01-15T14:35:50.444885+01:00] Eventos de login de usuario.WARNING: Usuario usercode y Contraseña password Incorrectos introducido [] []
[2023-01-15T14:38:33.551476+01:00] Eventos de login de usuario.WARNING: Usuario  y Contraseña password Incorrectos introducido [] []
[2023-01-15T14:38:36.639309+01:00] Eventos de login de usuario.WARNING: Usuario usercode y Contraseña password Incorrectos introducido [] []
[2023-01-15T14:38:39.439871+01:00] Eventos de login de usuario.WARNING: Usuario  y Contraseña  Incorrectos introducido [] []
[2023-01-15T14:39:23.792779+01:00] Eventos de login de usuario.WARNING: Usuario usercode y Contraseña password Incorrectos introducido [] []
[2023-01-15T14:39:49.417719+01:00] Eventos de login de usuario.INFO: El usuario 1 ha iniciado sesión [] []
[2023-01-15T14:40:14.562289+01:00] Eventos de login de usuario.WARNING: Usuario usercode y Contraseña password Incorrectos introducido [] []
[2023-01-15T14:40:16.976742+01:00] Eventos de login de usuario.WARNING: Usuario usercode y Contraseña password Incorrectos introducido [] []
[2023-01-15T14:40:56.261257+01:00] Eventos de login de usuario.INFO: El usuario 1 ha iniciado sesión [] []
[2023-01-15T14:41:32.273686+01:00] Eventos de login de usuario.WARNING: Usuario P00001test y Contraseña P00001test Incorrectos introducido [] []
[2023-01-15T14:41:38.248910+01:00] Eventos de login de usuario.INFO: El usuario 1 ha iniciado sesión [] []
[2023-01-15T14:41:43.332119+01:00] Eventos de login de usuario.INFO: El usuario 1 ha cerrado sesión [] []
[2023-01-15T14:41:50.304968+01:00] Eventos de login de usuario.INFO: El usuario 1 ha iniciado sesión [] []
[2023-01-15T14:41:54.677998+01:00] Eventos de login de usuario.INFO: El usuario 1 ha cerrado sesión [] []
[2023-01-15T14:42:00.037132+01:00] Eventos de login de usuario.INFO: El usuario 1 ha iniciado sesión [] []
[2023-01-15T14:44:22.132899+01:00] Eventos de login de usuario.WARNING: Usuario usercode y Contraseña password Incorrectos introducido [] []
[2023-01-15T14:44:58.887738+01:00] Eventos de login de usuario.WARNING: Usuario usercode y Contraseña password Incorrectos introducido [] []
[2023-01-15T14:45:13.935755+01:00] Eventos de login de usuario.INFO: El usuario 1 ha iniciado sesión [] []
[2023-01-15T14:45:17.669370+01:00] Eventos de login de usuario.INFO: El usuario 1 ha cerrado sesión [] []
[2023-01-15T14:45:25.548051+01:00] Eventos de login de usuario.INFO: El usuario 1 ha iniciado sesión [] []
[2023-01-15T14:47:29.198290+01:00] Eventos de login de usuario.INFO: El usuario 1 ha iniciado sesión [] []
[2023-01-15T14:51:30.463003+01:00] Eventos de login de usuario.WARNING: Usuario usercode y Contraseña password Incorrectos introducido [] []
[2023-01-15T14:52:05.325825+01:00] Eventos de login de usuario.WARNING: Usuario usercode y Contraseña password Incorrectos introducido [] []
[2023-01-15T14:53:29.420489+01:00] Eventos de login de usuario.WARNING: Usuario usercode y Contraseña password Incorrectos introducido [] []
[2023-01-15T14:54:03.183393+01:00] Eventos de login de usuario.WARNING: Usuario usercode y Contraseña password Incorrectos introducido [] []
[2023-01-15T14:54:12.897203+01:00] Eventos de login de usuario.WARNING: Usuario usercode y Contraseña password Incorrectos introducido [] []
[2023-01-15T14:54:18.515173+01:00] Eventos de login de usuario.WARNING: Usuario usercode y Contraseña password Incorrectos introducido [] []
[2023-01-15T14:54:36.856975+01:00] Eventos de login de usuario.INFO: El usuario 1 ha iniciado sesión [] []
[2023-01-15T14:55:45.594404+01:00] Eventos de login de usuario.WARNING: Usuario usercode y Contraseña password Incorrectos introducido [] []
[2023-01-15T14:55:56.030755+01:00] Eventos de login de usuario.INFO: El usuario 1 ha iniciado sesión [] []
[2023-01-15T14:57:22.696612+01:00] Eventos de login de usuario.WARNING: Usuario usercode y Contraseña password Incorrectos introducido [] []
[2023-01-15T14:57:37.727690+01:00] Eventos de login de usuario.INFO: El usuario 1 ha iniciado sesión [] []
[2023-01-15T14:58:10.183471+01:00] Eventos de login de usuario.WARNING: Usuario usercode y Contraseña password Incorrectos introducido [] []
[2023-01-15T14:58:20.024888+01:00] Eventos de login de usuario.INFO: El usuario 1 ha iniciado sesión [] []
[2023-01-15T14:59:38.072829+01:00] Eventos de login de usuario.WARNING: Usuario usercode y Contraseña password Incorrectos introducido [] []
[2023-01-15T14:59:41.323045+01:00] Eventos de login de usuario.WARNING: Usuario usercode y Contraseña password Incorrectos introducido [] []
[2023-01-15T14:59:43.353107+01:00] Eventos de login de usuario.WARNING: Usuario usercode y Contraseña password Incorrectos introducido [] []
[2023-01-15T14:59:53.925828+01:00] Eventos de login de usuario.INFO: El usuario 1 ha iniciado sesión [] []
[2023-01-15T15:01:31.515241+01:00] Eventos de login de usuario.WARNING: Usuario usercode y Contraseña password Incorrectos introducido [] []
[2023-01-15T15:01:41.947631+01:00] Eventos de login de usuario.INFO: El usuario 1 ha iniciado sesión [] []
[2023-01-15T15:02:52.142429+01:00] Eventos de login de usuario.WARNING: Usuario usercode y Contraseña password Incorrectos introducido [] []
[2023-01-15T15:04:13.457243+01:00] Eventos de login de usuario.WARNING: Usuario usercode y Contraseña password Incorrectos introducido [] []
[2023-01-15T15:04:16.843319+01:00] Eventos de login de usuario.WARNING: Usuario usercode y Contraseña password Incorrectos introducido [] []
[2023-01-15T15:04:22.343079+01:00] Eventos de login de usuario.WARNING: Usuario usercode y Contraseña password Incorrectos introducido [] []
[2023-01-15T15:04:33.083927+01:00] Eventos de login de usuario.INFO: El usuario 1 ha iniciado sesión [] []
[2023-01-15T15:19:43.368775+01:00] Eventos de login de usuario.WARNING: Usuario usercode y Contraseña password Incorrectos introducido [] []
[2023-01-15T15:19:47.588643+01:00] Eventos de login de usuario.WARNING: Usuario usercode y Contraseña password Incorrectos introducido [] []
[2023-01-15T15:20:05.736609+01:00] Eventos de login de usuario.INFO: El usuario 1 ha iniciado sesión [] []
[2023-01-15T15:20:26.565731+01:00] Eventos de login de usuario.WARNING: Usuario usercode y Contraseña password Incorrectos introducido [] []
[2023-01-15T15:20:37.072372+01:00] Eventos de login de usuario.WARNING: Usuario usercode y Contraseña password Incorrectos introducido [] []
[2023-01-15T15:20:49.289084+01:00] Eventos de login de usuario.INFO: El usuario 1 ha iniciado sesión [] []
[2023-01-15T15:21:09.766518+01:00] Eventos de login de usuario.WARNING: Usuario P00001 y Contraseña P00001test Incorrectos introducido [] []
[2023-01-15T15:21:45.522049+01:00] Eventos de login de usuario.WARNING: Usuario P00001 y Contraseña P00001test Incorrectos introducido [] []
[2023-01-15T15:21:56.253417+01:00] Eventos de login de usuario.WARNING: Usuario usercode y Contraseña password Incorrectos introducido [] []
[2023-01-15T15:22:14.476255+01:00] Eventos de login de usuario.WARNING: Usuario usercode y Contraseña password Incorrectos introducido [] []
[2023-01-15T15:22:40.282780+01:00] Eventos de login de usuario.WARNING: Usuario usercode y Contraseña password Incorrectos introducido [] []
[2023-01-15T15:22:43.166059+01:00] Eventos de login de usuario.WARNING: Usuario usercode y Contraseña password Incorrectos introducido [] []
[2023-01-15T15:22:49.738912+01:00] Eventos de login de usuario.WARNING: Usuario P00001 y Contraseña P00001test Incorrectos introducido [] []
[2023-01-15T15:23:00.107909+01:00] Eventos de login de usuario.WARNING: Usuario P00001 y Contraseña P00001test Incorrectos introducido [] []
[2023-01-15T15:23:04.299854+01:00] Eventos de login de usuario.WARNING: Usuario usercode y Contraseña password Incorrectos introducido [] []
[2023-01-15T15:23:05.420290+01:00] Eventos de login de usuario.WARNING: Usuario usercode y Contraseña password Incorrectos introducido [] []
[2023-01-15T15:23:12.032776+01:00] Eventos de login de usuario.WARNING: Usuario P00001 y Contraseña P00001test Incorrectos introducido [] []
[2023-01-15T15:23:40.751705+01:00] Eventos de login de usuario.WARNING: Usuario P00001 y Contraseña P00001test Incorrectos introducido [] []
[2023-01-15T15:24:38.513310+01:00] Eventos de login de usuario.WARNING: Usuario usercode y Contraseña password Incorrectos introducido [] []
[2023-01-15T15:25:01.266863+01:00] Eventos de login de usuario.WARNING: Usuario usercode y Contraseña password Incorrectos introducido [] []
[2023-01-15T15:25:09.812453+01:00] Eventos de login de usuario.WARNING: Usuario usercode y Contraseña password Incorrectos introducido [] []
[2023-01-15T15:25:11.139089+01:00] Eventos de login de usuario.WARNING: Usuario usercode y Contraseña password Incorrectos introducido [] []
[2023-01-15T15:25:18.216887+01:00] Eventos de login de usuario.WARNING: Usuario usercode y Contraseña password Incorrectos introducido [] []
[2023-01-15T15:25:38.213304+01:00] Eventos de login de usuario.WARNING: Usuario usercode y Contraseña password Incorrectos introducido [] []
[2023-01-15T15:25:39.633871+01:00] Eventos de login de usuario.WARNING: Usuario usercode y Contraseña password Incorrectos introducido [] []
[2023-01-15T15:25:42.784263+01:00] Eventos de login de usuario.WARNING: Usuario usercode y Contraseña password Incorrectos introducido [] []
[2023-01-15T15:25:46.842056+01:00] Eventos de login de usuario.WARNING: Usuario usercode y Contraseña password Incorrectos introducido [] []
[2023-01-15T15:25:58.099544+01:00] Eventos de login de usuario.INFO: El usuario 1 ha iniciado sesión [] []
[2023-01-15T15:26:38.507550+01:00] Eventos de login de usuario.WARNING: Usuario P00001 y Contraseña P00001test Incorrectos introducido [] []
[2023-01-15T15:26:40.787316+01:00] Eventos de login de usuario.WARNING: Usuario usercode y Contraseña password Incorrectos introducido [] []
[2023-01-15T15:26:42.024456+01:00] Eventos de login de usuario.WARNING: Usuario usercode y Contraseña password Incorrectos introducido [] []
[2023-01-15T15:26:49.391336+01:00] Eventos de login de usuario.WARNING: Usuario usercode y Contraseña password Incorrectos introducido [] []
[2023-01-15T15:26:53.934184+01:00] Eventos de login de usuario.WARNING: Usuario usercode y Contraseña password Incorrectos introducido [] []
[2023-01-15T15:27:12.207677+01:00] Eventos de login de usuario.WARNING: Usuario usercode y Contraseña password Incorrectos introducido [] []
[2023-01-15T15:27:14.122478+01:00] Eventos de login de usuario.WARNING: Usuario usercode y Contraseña password Incorrectos introducido [] []
[2023-01-15T15:27:16.592610+01:00] Eventos de login de usuario.WARNING: Usuario usercode y Contraseña password Incorrectos introducido [] []
[2023-01-15T15:27:29.357724+01:00] Eventos de login de usuario.INFO: El usuario 1 ha iniciado sesión [] []
[2023-01-15T15:27:49.242399+01:00] Eventos de login de usuario.WARNING: Usuario P00001 y Contraseña P00001test Incorrectos introducido [] []
[2023-01-15T15:29:37.327482+01:00] Eventos de login de usuario.WARNING: Usuario P00001 y Contraseña P00001test Incorrectos introducido [] []
[2023-01-15T15:29:39.109932+01:00] Eventos de login de usuario.WARNING: Usuario P00001 y Contraseña P00001test Incorrectos introducido [] []
[2023-01-15T15:29:40.511776+01:00] Eventos de login de usuario.WARNING: Usuario usercode y Contraseña password Incorrectos introducido [] []
[2023-01-15T15:29:41.889483+01:00] Eventos de login de usuario.WARNING: Usuario usercode y Contraseña password Incorrectos introducido [] []
[2023-01-15T15:29:44.229393+01:00] Eventos de login de usuario.WARNING: Usuario usercode y Contraseña password Incorrectos introducido [] []
[2023-01-15T15:29:54.436029+01:00] Eventos de login de usuario.WARNING: Usuario P00001 y Contraseña P00001test Incorrectos introducido [] []
[2023-01-15T15:30:00.204900+01:00] Eventos de login de usuario.WARNING: Usuario usercode y Contraseña password Incorrectos introducido [] []
[2023-01-15T15:30:50.990148+01:00] Eventos de login de usuario.WARNING: Usuario usercode y Contraseña password Incorrectos introducido [] []
[2023-01-15T15:31:21.927258+01:00] Eventos de login de usuario.WARNING: Usuario usercode y Contraseña password Incorrectos introducido [] []
[2023-01-15T15:31:26.086866+01:00] Eventos de login de usuario.WARNING: Usuario usercode y Contraseña password Incorrectos introducido [] []
[2023-01-15T15:31:30.570049+01:00] Eventos de login de usuario.WARNING: Usuario usercode y Contraseña password Incorrectos introducido [] []
[2023-01-15T15:31:31.858618+01:00] Eventos de login de usuario.WARNING: Usuario usercode y Contraseña password Incorrectos introducido [] []
[2023-01-15T15:32:04.903753+01:00] Eventos de login de usuario.WARNING: Usuario usercode y Contraseña password Incorrectos introducido [] []
[2023-01-15T15:32:08.300572+01:00] Eventos de login de usuario.WARNING: Usuario usercode y Contraseña password Incorrectos introducido [] []
[2023-01-15T15:32:13.706908+01:00] Eventos de login de usuario.WARNING: Usuario usercode y Contraseña password Incorrectos introducido [] []
[2023-01-15T15:32:39.440726+01:00] Eventos de login de usuario.WARNING: Usuario usercode y Contraseña password Incorrectos introducido [] []
[2023-01-15T15:32:53.785267+01:00] Eventos de login de usuario.INFO: El usuario 1 ha iniciado sesión [] []
[2023-01-15T15:33:14.528481+01:00] Eventos de login de usuario.WARNING: Usuario P00001 y Contraseña P00001test Incorrectos introducido [] []
[2023-01-15T15:33:58.575601+01:00] Eventos de login de usuario.WARNING: Usuario P00001 y Contraseña P00001test Incorrectos introducido [] []
[2023-01-15T15:34:00.016846+01:00] Eventos de login de usuario.WARNING: Usuario P00001 y Contraseña P00001test Incorrectos introducido [] []
[2023-01-15T15:34:01.346625+01:00] Eventos de login de usuario.WARNING: Usuario usercode y Contraseña password Incorrectos introducido [] []
[2023-01-15T15:34:10.403239+01:00] Eventos de login de usuario.WARNING: Usuario P00001 y Contraseña P00001test Incorrectos introducido [] []
[2023-01-15T15:34:20.728184+01:00] Eventos de login de usuario.WARNING: Usuario P00001 y Contraseña P00001test Incorrectos introducido [] []
[2023-01-15T15:34:33.915827+01:00] Eventos de login de usuario.WARNING: Usuario usercode y Contraseña password Incorrectos introducido [] []
[2023-01-15T15:34:52.245799+01:00] Eventos de login de usuario.WARNING: Usuario P00001 y Contraseña P00001test Incorrectos introducido [] []
[2023-01-15T15:35:02.876649+01:00] Eventos de login de usuario.WARNING: Usuario usercode y Contraseña password Incorrectos introducido [] []
[2023-01-15T15:35:05.038798+01:00] Eventos de login de usuario.WARNING: Usuario usercode y Contraseña password Incorrectos introducido [] []
[2023-01-15T15:35:10.944840+01:00] Eventos de login de usuario.WARNING: Usuario P00001 y Contraseña P00001test Incorrectos introducido [] []
[2023-01-15T15:35:23.624397+01:00] Eventos de login de usuario.WARNING: Usuario P00001 y Contraseña P00001test Incorrectos introducido [] []
[2023-01-15T15:35:24.322488+01:00] Eventos de login de usuario.WARNING: Usuario usercode y Contraseña password Incorrectos introducido [] []
[2023-01-15T15:35:30.497322+01:00] Eventos de login de usuario.WARNING: Usuario P00001 y Contraseña P00001test Incorrectos introducido [] []
[2023-01-15T15:35:54.984040+01:00] Eventos de login de usuario.WARNING: Usuario P00001 y Contraseña P00001test Incorrectos introducido [] []
[2023-01-15T15:35:56.326421+01:00] Eventos de login de usuario.WARNING: Usuario usercode y Contraseña password Incorrectos introducido [] []
[2023-01-15T15:36:24.676304+01:00] Eventos de login de usuario.WARNING: Usuario usercode y Contraseña password Incorrectos introducido [] []
[2023-01-15T15:37:38.517105+01:00] Eventos de login de usuario.WARNING: Usuario usercode y Contraseña password Incorrectos introducido [] []
[2023-01-15T15:37:44.077332+01:00] Eventos de login de usuario.WARNING: Usuario usercode y Contraseña password Incorrectos introducido [] []
[2023-01-15T15:37:57.969224+01:00] Eventos de login de usuario.INFO: El usuario 1 ha iniciado sesión [] []
[2023-01-15T15:38:17.723796+01:00] Eventos de login de usuario.WARNING: Usuario P00001 y Contraseña P00001test Incorrectos introducido [] []
[2023-01-15T15:39:06.769800+01:00] Eventos de login de usuario.WARNING: Usuario P00001 y Contraseña P00001test Incorrectos introducido [] []
[2023-01-15T15:39:24.870959+01:00] Eventos de login de usuario.WARNING: Usuario P00001 y Contraseña P00001test Incorrectos introducido [] []
[2023-01-15T15:39:26.037574+01:00] Eventos de login de usuario.WARNING: Usuario usercode y Contraseña password Incorrectos introducido [] []
[2023-01-15T15:39:44.457146+01:00] Eventos de login de usuario.WARNING: Usuario usercode y Contraseña password Incorrectos introducido [] []
[2023-01-15T15:39:59.839850+01:00] Eventos de login de usuario.WARNING: Usuario usercode y Contraseña password Incorrectos introducido [] []
[2023-01-15T15:40:02.308457+01:00] Eventos de login de usuario.WARNING: Usuario usercode y Contraseña password Incorrectos introducido [] []
[2023-01-15T15:40:19.636819+01:00] Eventos de login de usuario.WARNING: Usuario usercode y Contraseña password Incorrectos introducido [] []
[2023-01-15T15:40:22.644709+01:00] Eventos de login de usuario.WARNING: Usuario usercode y Contraseña password Incorrectos introducido [] []
[2023-01-15T15:40:27.382936+01:00] Eventos de login de usuario.WARNING: Usuario usercode y Contraseña password Incorrectos introducido [] []
[2023-01-15T15:40:41.682356+01:00] Eventos de login de usuario.WARNING: Usuario usercode y Contraseña password Incorrectos introducido [] []
[2023-01-15T15:40:53.055647+01:00] Eventos de login de usuario.WARNING: Usuario usercode y Contraseña password Incorrectos introducido [] []
[2023-01-15T15:41:04.236287+01:00] Eventos de login de usuario.INFO: El usuario 1 ha iniciado sesión [] []
[2023-01-15T15:41:42.243069+01:00] Eventos de login de usuario.WARNING: Usuario P00001 y Contraseña P00001test Incorrectos introducido [] []
[2023-01-15T15:41:44.162313+01:00] Eventos de login de usuario.WARNING: Usuario usercode y Contraseña password Incorrectos introducido [] []
[2023-01-15T15:41:47.902786+01:00] Eventos de login de usuario.WARNING: Usuario usercode y Contraseña password Incorrectos introducido [] []
[2023-01-15T15:41:58.430751+01:00] Eventos de login de usuario.WARNING: Usuario P00001 y Contraseña P00001test Incorrectos introducido [] []
[2023-01-15T15:42:06.754685+01:00] Eventos de login de usuario.WARNING: Usuario P00001 y Contraseña P00001test Incorrectos introducido [] []
[2023-01-15T15:42:14.286590+01:00] Eventos de login de usuario.WARNING: Usuario usercode y Contraseña password Incorrectos introducido [] []
[2023-01-15T15:42:16.232429+01:00] Eventos de login de usuario.WARNING: Usuario usercode y Contraseña password Incorrectos introducido [] []
[2023-01-15T15:42:20.104855+01:00] Eventos de login de usuario.WARNING: Usuario usercode y Contraseña password Incorrectos introducido [] []
[2023-01-15T15:42:27.525371+01:00] Eventos de login de usuario.WARNING: Usuario P00001 y Contraseña P00001test Incorrectos introducido [] []
[2023-01-15T15:42:33.254359+01:00] Eventos de login de usuario.WARNING: Usuario usercode y Contraseña password Incorrectos introducido [] []
[2023-01-15T15:42:42.459736+01:00] Eventos de login de usuario.INFO: El usuario 1 ha iniciado sesión [] []
[2023-01-15T15:43:05.557357+01:00] Eventos de login de usuario.WARNING: Usuario P00001 y Contraseña P00001test Incorrectos introducido [] []
[2023-01-15T15:44:06.416700+01:00] Eventos de login de usuario.WARNING: Usuario usercode y Contraseña password Incorrectos introducido [] []
[2023-01-15T15:44:22.254251+01:00] Eventos de login de usuario.WARNING: Usuario usercode y Contraseña password Incorrectos introducido [] []
[2023-01-15T15:44:23.822449+01:00] Eventos de login de usuario.WARNING: Usuario usercode y Contraseña password Incorrectos introducido [] []
[2023-01-15T15:44:24.827216+01:00] Eventos de login de usuario.WARNING: Usuario usercode y Contraseña password Incorrectos introducido [] []
[2023-01-15T15:44:27.282036+01:00] Eventos de login de usuario.WARNING: Usuario usercode y Contraseña password Incorrectos introducido [] []
[2023-01-15T15:44:30.464236+01:00] Eventos de login de usuario.WARNING: Usuario usercode y Contraseña password Incorrectos introducido [] []
[2023-01-15T15:44:31.476018+01:00] Eventos de login de usuario.WARNING: Usuario usercode y Contraseña password Incorrectos introducido [] []
[2023-01-15T15:44:36.626234+01:00] Eventos de login de usuario.WARNING: Usuario usercode y Contraseña password Incorrectos introducido [] []
[2023-01-15T15:44:39.632487+01:00] Eventos de login de usuario.WARNING: Usuario usercode y Contraseña password Incorrectos introducido [] []
[2023-01-15T15:44:47.633861+01:00] Eventos de login de usuario.WARNING: Usuario usercode y Contraseña password Incorrectos introducido [] []
[2023-01-15T15:44:50.650131+01:00] Eventos de login de usuario.WARNING: Usuario usercode y Contraseña password Incorrectos introducido [] []
[2023-01-15T15:44:53.658018+01:00] Eventos de login de usuario.WARNING: Usuario usercode y Contraseña password Incorrectos introducido [] []
[2023-01-15T15:45:09.235875+01:00] Eventos de login de usuario.WARNING: Usuario usercode y Contraseña password Incorrectos introducido [] []
[2023-01-15T15:45:11.348660+01:00] Eventos de login de usuario.WARNING: Usuario usercode y Contraseña password Incorrectos introducido [] []
[2023-01-15T15:45:12.770026+01:00] Eventos de login de usuario.WARNING: Usuario usercode y Contraseña password Incorrectos introducido [] []
[2023-01-15T15:45:20.050827+01:00] Eventos de login de usuario.WARNING: Usuario P00001 y Contraseña P00001test Incorrectos introducido [] []
[2023-01-15T15:46:01.845860+01:00] Eventos de login de usuario.WARNING: Usuario P00001 y Contraseña P00001test Incorrectos introducido [] []
[2023-01-15T15:47:42.918421+01:00] Eventos de login de usuario.WARNING: Usuario usercode y Contraseña password Incorrectos introducido [] []
[2023-01-15T15:47:46.566533+01:00] Eventos de login de usuario.WARNING: Usuario usercode y Contraseña password Incorrectos introducido [] []
[2023-01-15T15:47:52.887816+01:00] Eventos de login de usuario.WARNING: Usuario P00001test y Contraseña P00001test Incorrectos introducido [] []
[2023-01-15T15:48:09.666089+01:00] Eventos de login de usuario.WARNING: Usuario usercode y Contraseña password Incorrectos introducido [] []
[2023-01-15T15:48:10.855581+01:00] Eventos de login de usuario.WARNING: Usuario usercode y Contraseña password Incorrectos introducido [] []
[2023-01-15T15:48:11.637684+01:00] Eventos de login de usuario.WARNING: Usuario usercode y Contraseña password Incorrectos introducido [] []
[2023-01-15T15:48:18.268528+01:00] Eventos de login de usuario.INFO: El usuario 1 ha iniciado sesión [] []
[2023-01-15T15:48:39.927598+01:00] Eventos de login de usuario.WARNING: Usuario P00001 y Contraseña P00001test Incorrectos introducido [] []
[2023-01-15T15:49:30.604837+01:00] Eventos de login de usuario.INFO: El usuario 1 ha iniciado sesión [] []
[2023-01-15T15:51:15.002479+01:00] Eventos de login de usuario.WARNING: Usuario usercode y Contraseña password Incorrectos introducido [] []
[2023-01-15T15:51:51.846640+01:00] Eventos de login de usuario.WARNING: Usuario usercode y Contraseña password Incorrectos introducido [] []
[2023-01-15T15:51:57.446530+01:00] Eventos de login de usuario.WARNING: Usuario usercode y Contraseña password Incorrectos introducido [] []
[2023-01-15T15:52:09.505520+01:00] Eventos de login de usuario.INFO: El usuario 1 ha iniciado sesión [] []
[2023-01-15T15:53:02.289105+01:00] Eventos de login de usuario.WARNING: Usuario P00001test y Contraseña password Incorrectos introducido [] []
[2023-01-15T15:53:35.515893+01:00] Eventos de login de usuario.WARNING: Usuario usercode y Contraseña password Incorrectos introducido [] []
[2023-01-15T15:53:37.305466+01:00] Eventos de login de usuario.WARNING: Usuario usercode y Contraseña password Incorrectos introducido [] []
[2023-01-15T15:53:43.971276+01:00] Eventos de login de usuario.INFO: El usuario 1 ha iniciado sesión [] []
[2023-01-15T15:55:25.204083+01:00] Eventos de login de usuario.WARNING: Usuario usercode y Contraseña password Incorrectos introducido [] []
[2023-01-15T15:55:27.491147+01:00] Eventos de login de usuario.WARNING: Usuario usercode y Contraseña password Incorrectos introducido [] []
[2023-01-15T15:55:35.525551+01:00] Eventos de login de usuario.WARNING: Usuario usercode y Contraseña password Incorrectos introducido [] []
[2023-01-15T15:55:44.920824+01:00] Eventos de login de usuario.INFO: El usuario 1 ha iniciado sesión [] []
[2023-01-15T15:55:50.164451+01:00] Eventos de login de usuario.INFO: El usuario 1 ha iniciado sesión [] []
[2023-01-15T15:55:52.298782+01:00] Eventos de login de usuario.INFO: El usuario 1 ha iniciado sesión [] []
[2023-01-15T15:55:55.422622+01:00] Eventos de login de usuario.INFO: El usuario 1 ha iniciado sesión [] []
[2023-01-15T15:56:24.194329+01:00] Eventos de login de usuario.INFO: El usuario 1 ha iniciado sesión [] []
[2023-01-15T15:56:26.958390+01:00] Eventos de login de usuario.INFO: El usuario 1 ha iniciado sesión [] []
[2023-01-15T15:57:08.020783+01:00] Eventos de login de usuario.INFO: El usuario 1 ha iniciado sesión [] []
[2023-01-15T15:57:09.311259+01:00] Eventos de login de usuario.INFO: El usuario 1 ha iniciado sesión [] []
[2023-01-15T15:57:14.411648+01:00] Eventos de login de usuario.WARNING: Usuario usercode y Contraseña password Incorrectos introducido [] []
[2023-01-15T15:57:22.852009+01:00] Eventos de login de usuario.WARNING: Usuario P00001test y Contraseña P00001test Incorrectos introducido [] []
[2023-01-15T15:57:25.069879+01:00] Eventos de login de usuario.WARNING: Usuario usercode y Contraseña password Incorrectos introducido [] []
[2023-01-15T16:17:22.798212+01:00] Eventos de login de usuario.INFO: El usuario JUAN POLLAS ha cerrado sesión [] []
[2023-01-15T18:47:15.567182+01:00] Eventos de login de usuario.WARNING: Usuario usercode y Contraseña password Incorrectos introducidos [] []
[2023-01-15T18:47:18.456373+01:00] Eventos de login de usuario.WARNING: Usuario usercode y Contraseña password Incorrectos introducidos [] []
[2023-01-15T18:47:30.372789+01:00] Eventos de login de usuario.WARNING: Usuario usercode y Contraseña password Incorrectos introducidos [] []
[2023-01-15T18:47:35.002137+01:00] Eventos de login de usuario.WARNING: Usuario usercode y Contraseña password Incorrectos introducidos [] []
[2023-01-15T18:47:44.944477+01:00] Eventos de login de usuario.INFO: El usuario 1 ha iniciado sesión [] []
[2023-01-15T18:48:12.652337+01:00] Eventos de login de usuario.WARNING: Usuario usercode y Contraseña password Incorrectos introducidos [] []
[2023-01-15T18:48:18.936922+01:00] Eventos de login de usuario.INFO: El usuario 1 ha iniciado sesión [] []
[2023-01-15T18:48:45.536927+01:00] Eventos de login de usuario.INFO: El usuario 1 ha iniciado sesión [] []
[2023-01-15T18:49:31.694005+01:00] Eventos de login de usuario.WARNING: Usuario usercode y Contraseña password Incorrectos introducidos [] []
[2023-01-15T18:49:33.850320+01:00] Eventos de login de usuario.WARNING: Usuario usercode y Contraseña password Incorrectos introducidos [] []
[2023-01-15T18:49:35.273737+01:00] Eventos de login de usuario.WARNING: Usuario usercode y Contraseña password Incorrectos introducidos [] []
[2023-01-15T18:49:44.101076+01:00] Eventos de login de usuario.INFO: El usuario 1 ha iniciado sesión [] []
[2023-01-15T18:50:11.282245+01:00] Eventos de login de usuario.WARNING: Usuario usercode y Contraseña password Incorrectos introducidos [] []
[2023-01-15T18:50:20.116914+01:00] Eventos de login de usuario.INFO: El usuario 1 ha iniciado sesión [] []
[2023-01-15T18:50:51.277555+01:00] Eventos de login de usuario.INFO: El usuario 1 ha iniciado sesión [] []
[2023-01-15T18:51:35.373463+01:00] Eventos de login de usuario.INFO: El usuario 1 ha iniciado sesión [] []
[2023-01-15T18:51:44.321926+01:00] Eventos de login de usuario.WARNING: Usuario usercode y Contraseña password Incorrectos introducidos [] []
[2023-01-15T18:51:53.073739+01:00] Eventos de login de usuario.INFO: El usuario 1 ha iniciado sesión [] []
[2023-01-15T18:52:20.219985+01:00] Eventos de login de usuario.INFO: El usuario 1 ha iniciado sesión [] []
[2023-01-15T18:54:15.315373+01:00] Eventos de login de usuario.WARNING: Usuario usercode y Contraseña password Incorrectos introducidos [] []
[2023-01-15T18:54:22.465338+01:00] Eventos de login de usuario.WARNING: Usuario usercode y Contraseña password Incorrectos introducidos [] []
[2023-01-15T18:54:35.115679+01:00] Eventos de login de usuario.INFO: El usuario 1 ha iniciado sesión [] []
[2023-01-15T18:55:57.646053+01:00] Eventos de login de usuario.WARNING: Usuario usercode y Contraseña password Incorrectos introducidos [] []
[2023-01-15T18:56:10.658347+01:00] Eventos de login de usuario.INFO: El usuario 1 ha iniciado sesión [] []
[2023-01-15T18:56:52.602351+01:00] Eventos de login de usuario.INFO: El usuario 1 ha iniciado sesión [] []
[2023-01-15T18:57:21.559117+01:00] Eventos de login de usuario.WARNING: Usuario usercode y Contraseña password Incorrectos introducidos [] []
[2023-01-15T18:57:31.968971+01:00] Eventos de login de usuario.INFO: El usuario 1 ha iniciado sesión [] []
[2023-01-15T18:58:24.108155+01:00] Eventos de login de usuario.WARNING: Usuario usercode y Contraseña password Incorrectos introducidos [] []
[2023-01-15T18:58:33.117958+01:00] Eventos de login de usuario.INFO: El usuario 1 ha iniciado sesión [] []
[2023-01-15T18:58:58.754384+01:00] Eventos de login de usuario.WARNING: Usuario usercode y Contraseña password Incorrectos introducidos [] []
[2023-01-15T19:01:01.956043+01:00] Eventos de login de usuario.WARNING: Usuario usercode y Contraseña password Incorrectos introducidos [] []
[2023-01-15T19:01:15.151189+01:00] Eventos de login de usuario.INFO: El usuario 1 ha iniciado sesión [] []
[2023-01-15T19:01:51.833961+01:00] Eventos de login de usuario.INFO: El usuario 1 ha iniciado sesión [] []
[2023-01-15T19:02:15.932864+01:00] Eventos de login de usuario.WARNING: Usuario usercode y Contraseña password Incorrectos introducidos [] []
[2023-01-15T19:02:24.523781+01:00] Eventos de login de usuario.INFO: El usuario 1 ha iniciado sesión [] []
[2023-01-15T19:02:50.920678+01:00] Eventos de login de usuario.WARNING: Usuario usercode y Contraseña password Incorrectos introducidos [] []
[2023-01-15T19:02:53.014919+01:00] Eventos de login de usuario.WARNING: Usuario usercode y Contraseña password Incorrectos introducidos [] []
[2023-01-15T19:03:14.782158+01:00] Eventos de login de usuario.WARNING: Usuario usercode y Contraseña password Incorrectos introducidos [] []
[2023-01-15T19:03:28.427389+01:00] Eventos de login de usuario.INFO: El usuario 3 ha iniciado sesión [] []
[2023-01-15T19:03:50.729176+01:00] Eventos de login de usuario.WARNING: Usuario usercode y Contraseña password Incorrectos introducidos [] []
[2023-01-15T19:03:52.165917+01:00] Eventos de login de usuario.WARNING: Usuario usercode y Contraseña password Incorrectos introducidos [] []
[2023-01-15T19:04:12.744172+01:00] Eventos de login de usuario.INFO: El usuario 3 ha iniciado sesión [] []
[2023-01-15T19:04:21.196509+01:00] Eventos de login de usuario.INFO: El usuario Sebastián Rodríguez Mazas ha cerrado sesión [] []
[2023-01-15T19:04:24.232142+01:00] Eventos de login de usuario.INFO: El usuario  ha cerrado sesión [] []
[2023-01-15T19:04:31.019246+01:00] Eventos de login de usuario.INFO: El usuario 3 ha iniciado sesión [] []
[2023-01-15T19:07:14.280550+01:00] Eventos de login de usuario.WARNING: Usuario usercode y Contraseña password Incorrectos introducidos [] []
[2023-01-15T19:07:23.788657+01:00] Eventos de login de usuario.WARNING: Usuario P00003 y Contraseña P00003test Incorrectos introducidos [] []
[2023-01-15T19:09:57.554224+01:00] Eventos de login de usuario.INFO: El usuario 3 ha iniciado sesión [] []
[2023-01-15T19:10:05.847591+01:00] Eventos de login de usuario.WARNING: Usuario usercode y Contraseña password Incorrectos introducidos [] []
[2023-01-15T19:10:16.920384+01:00] Eventos de login de usuario.INFO: El usuario 3 ha iniciado sesión [] []
[2023-01-15T19:10:42.925640+01:00] Eventos de login de usuario.WARNING: Usuario usercode y Contraseña password Incorrectos introducidos [] []
[2023-01-15T19:10:44.519598+01:00] Eventos de login de usuario.WARNING: Usuario usercode y Contraseña password Incorrectos introducidos [] []
[2023-01-15T19:10:52.208538+01:00] Eventos de login de usuario.INFO: El usuario 3 ha iniciado sesión [] []
[2023-01-15T19:12:16.667548+01:00] Eventos de login de usuario.INFO: El usuario 3 ha iniciado sesión [] []
[2023-01-15T19:13:26.698150+01:00] Eventos de login de usuario.INFO: El usuario  ha iniciado sesión [] []
[2023-01-15T19:14:03.473152+01:00] Eventos de login de usuario.WARNING: Usuario usercode y Contraseña password Incorrectos introducidos [] []
[2023-01-15T19:14:05.492671+01:00] Eventos de login de usuario.WARNING: Usuario usercode y Contraseña password Incorrectos introducidos [] []
[2023-01-15T19:14:08.850083+01:00] Eventos de login de usuario.WARNING: Usuario usercode y Contraseña password Incorrectos introducidos [] []
[2023-01-15T19:14:16.940365+01:00] Eventos de login de usuario.INFO: El usuario 3 ha iniciado sesión [] []
[2023-01-15T19:14:36.221975+01:00] Eventos de login de usuario.WARNING: Usuario P00003 y Contraseña P00003test Incorrectos introducidos [] []
[2023-01-15T19:14:43.294175+01:00] Eventos de login de usuario.INFO: El usuario 3 ha iniciado sesión [] []
[2023-01-15T19:15:27.463862+01:00] Eventos de login de usuario.WARNING: Usuario usercode y Contraseña password Incorrectos introducidos [] []
[2023-01-15T19:15:35.931835+01:00] Eventos de login de usuario.INFO: El usuario 3 ha iniciado sesión [] []
[2023-01-15T19:15:55.853831+01:00] Eventos de login de usuario.WARNING: Usuario P00003 y Contraseña P00003test Incorrectos introducidos [] []
[2023-01-15T19:16:19.828938+01:00] Eventos de login de usuario.WARNING: Usuario usercode y Contraseña password Incorrectos introducidos [] []
[2023-01-15T19:16:29.411053+01:00] Eventos de login de usuario.INFO: El usuario 3 ha iniciado sesión [] []
[2023-01-15T19:17:07.792684+01:00] Eventos de login de usuario.INFO: El usuario 3 ha iniciado sesión [] []
[2023-01-15T19:18:21.384036+01:00] Eventos de login de usuario.INFO: El usuario 3 ha iniciado sesión [] []
[2023-01-15T19:19:20.604564+01:00] Eventos de login de usuario.INFO: El usuario 3 ha iniciado sesión [] []
[2023-01-15T19:19:49.373735+01:00] Eventos de login de usuario.WARNING: Usuario usercode y Contraseña password Incorrectos introducidos [] []
[2023-01-15T19:19:51.302712+01:00] Eventos de login de usuario.WARNING: Usuario usercode y Contraseña password Incorrectos introducidos [] []
[2023-01-15T19:19:52.849849+01:00] Eventos de login de usuario.WARNING: Usuario usercode y Contraseña password Incorrectos introducidos [] []
[2023-01-15T19:20:04.961579+01:00] Eventos de login de usuario.INFO: El usuario 3 ha iniciado sesión [] []
[2023-01-15T19:20:28.349260+01:00] Eventos de login de usuario.INFO: El usuario 3 ha iniciado sesión [] []
[2023-01-15T19:21:20.264486+01:00] Eventos de login de usuario.WARNING: Usuario usercode y Contraseña password Incorrectos introducidos [] []
[2023-01-15T19:21:25.429493+01:00] Eventos de login de usuario.INFO: El usuario 3 ha iniciado sesión [] []
[2023-01-15T19:22:40.914492+01:00] Eventos de login de usuario.WARNING: Usuario usercode y Contraseña password Incorrectos introducidos [] []
[2023-01-15T19:22:50.246276+01:00] Eventos de login de usuario.INFO: El usuario 3 ha iniciado sesión [] []
[2023-01-15T19:23:15.841904+01:00] Eventos de login de usuario.INFO: El usuario 3 ha iniciado sesión [] []
[2023-01-15T19:23:57.640671+01:00] Eventos de login de usuario.INFO: El usuario 3 ha iniciado sesión [] []
[2023-01-15T19:24:24.873330+01:00] Eventos de login de usuario.INFO: El usuario 3 ha iniciado sesión [] []
[2023-01-15T19:26:15.695914+01:00] Eventos de login de usuario.WARNING: Usuario usercode y Contraseña password Incorrectos introducidos [] []
[2023-01-15T19:26:28.125227+01:00] Eventos de login de usuario.INFO: El usuario 3 ha iniciado sesión [] []
[2023-01-15T19:27:35.695214+01:00] Eventos de login de usuario.INFO: El usuario 3 ha iniciado sesión [] []
[2023-01-15T19:29:11.684069+01:00] Eventos de login de usuario.INFO: El usuario 3 ha iniciado sesión [] []
[2023-01-15T19:29:47.869111+01:00] Eventos de login de usuario.INFO: El usuario 3 ha iniciado sesión [] []
[2023-01-15T19:30:42.359970+01:00] Eventos de login de usuario.INFO: El usuario 3 ha iniciado sesión [] []
[2023-01-15T19:31:37.268379+01:00] Eventos de login de usuario.WARNING: Usuario usercode y Contraseña password Incorrectos introducidos [] []
[2023-01-15T19:31:43.548383+01:00] Eventos de login de usuario.WARNING: Usuario usercode y Contraseña password Incorrectos introducidos [] []
[2023-01-15T19:31:56.761936+01:00] Eventos de login de usuario.WARNING: Usuario usercode y Contraseña password Incorrectos introducidos [] []
[2023-01-15T19:32:11.289564+01:00] Eventos de login de usuario.WARNING: Usuario usercode y Contraseña password Incorrectos introducidos [] []
[2023-01-15T19:32:29.152284+01:00] Eventos de login de usuario.INFO: El usuario 3 ha iniciado sesión [] []
[2023-01-15T19:34:15.051486+01:00] Eventos de login de usuario.INFO: El usuario 3 ha iniciado sesión [] []
[2023-01-15T19:38:47.193024+01:00] Eventos de login de usuario.WARNING: Usuario usercode y Contraseña password Incorrectos introducidos [] []
[2023-01-15T19:39:03.444630+01:00] Eventos de login de usuario.INFO: El usuario 3 ha iniciado sesión [] []
[2023-01-15T19:39:23.094851+01:00] Eventos de login de usuario.INFO: El usuario 3 ha iniciado sesión [] []
[2023-01-15T19:40:36.532397+01:00] Eventos de login de usuario.WARNING: Usuario usercode y Contraseña password Incorrectos introducidos [] []
[2023-01-15T19:40:46.112877+01:00] Eventos de login de usuario.INFO: El usuario 3 ha iniciado sesión [] []
[2023-01-15T19:41:11.483307+01:00] Eventos de login de usuario.INFO: El usuario 3 ha iniciado sesión [] []
[2023-01-15T19:41:47.117418+01:00] Eventos de login de usuario.WARNING: Usuario usercode y Contraseña password Incorrectos introducidos [] []
[2023-01-15T19:41:51.501088+01:00] Eventos de login de usuario.INFO: El usuario 3 ha iniciado sesión [] []
[2023-01-15T19:42:25.553278+01:00] Eventos de login de usuario.WARNING: Usuario usercode y Contraseña password Incorrectos introducidos [] []
[2023-01-15T19:42:32.153331+01:00] Eventos de login de usuario.WARNING: Usuario usercode y Contraseña password Incorrectos introducidos [] []
[2023-01-15T19:42:53.678163+01:00] Eventos de login de usuario.WARNING: Usuario usercode y Contraseña password Incorrectos introducidos [] []
[2023-01-15T19:42:59.494638+01:00] Eventos de login de usuario.INFO: El usuario 3 ha iniciado sesión [] []
[2023-01-15T19:44:03.519223+01:00] Eventos de login de usuario.WARNING: Usuario usercode y Contraseña password Incorrectos introducidos [] []
[2023-01-15T19:44:19.415965+01:00] Eventos de login de usuario.WARNING: Usuario usercode y Contraseña password Incorrectos introducidos [] []
[2023-01-15T19:44:29.307801+01:00] Eventos de login de usuario.INFO: El usuario 3 ha iniciado sesión [] []
[2023-01-15T19:46:56.979393+01:00] Eventos de login de usuario.INFO: El usuario 3 ha iniciado sesión [] []
[2023-01-15T19:47:09.549803+01:00] Eventos de login de usuario.INFO: El usuario Sebastián Rodríguez Mazas ha cerrado sesión [] []
[2023-01-15T19:47:14.092315+01:00] Eventos de login de usuario.INFO: El usuario  ha cerrado sesión [] []
[2023-01-15T19:47:17.503838+01:00] Eventos de login de usuario.INFO: El usuario  ha cerrado sesión [] []
[2023-01-15T19:47:22.052101+01:00] Eventos de login de usuario.INFO: El usuario 3 ha iniciado sesión [] []
[2023-01-15T19:49:35.364202+01:00] Eventos de login de usuario.WARNING: Usuario usercode y Contraseña password Incorrectos introducidos [] []
[2023-01-15T19:49:38.522083+01:00] Eventos de login de usuario.WARNING: Usuario usercode y Contraseña password Incorrectos introducidos [] []
[2023-01-15T20:09:25.128451+01:00] Eventos de login de usuario.WARNING: Usuario usercode y Contraseña password Incorrectos introducidos [] []
[2023-01-15T20:09:41.071441+01:00] Eventos de login de usuario.WARNING: Usuario usercode y Contraseña password Incorrectos introducidos [] []
[2023-01-15T20:30:20.121140+01:00] Eventos de login de usuario.WARNING: Usuario usercode y Contraseña password Incorrectos introducidos [] []
[2023-01-15T20:30:27.512038+01:00] Eventos de login de usuario.INFO: El usuario 3 ha iniciado sesión [] []
[2023-01-15T20:30:35.378412+01:00] Eventos de login de usuario.INFO: El usuario Sebastián Rodríguez Mazas ha cerrado sesión [] []
[2023-01-15T20:31:02.365439+01:00] Eventos de login de usuario.INFO: El usuario  ha cerrado sesión [] []
[2023-01-15T20:31:05.487382+01:00] Eventos de login de usuario.INFO: El usuario  ha cerrado sesión [] []
[2023-01-15T20:32:08.938341+01:00] Eventos de login de usuario.INFO: El usuario 3 ha iniciado sesión [] []
[2023-01-15T20:32:40.065068+01:00] Eventos de login de usuario.WARNING: Usuario usercode y Contraseña password Incorrectos introducidos [] []
[2023-01-15T20:32:50.384007+01:00] Eventos de login de usuario.INFO: El usuario 3 ha iniciado sesión [] []
[2023-01-15T20:33:00.345366+01:00] Eventos de login de usuario.INFO: El usuario Sebastián Rodríguez Mazas ha cerrado sesión [] []
[2023-01-15T20:34:59.986194+01:00] Eventos de login de usuario.INFO: El usuario 3 ha iniciado sesión [] []
[2023-01-15T20:35:09.012433+01:00] Eventos de login de usuario.INFO: El usuario Sebastián Rodríguez Mazas ha cerrado sesión [] []
[2023-01-15T20:35:19.749683+01:00] Eventos de login de usuario.INFO: El usuario 3 ha iniciado sesión [] []
[2023-01-15T20:36:14.652937+01:00] Eventos de login de usuario.INFO: El usuario 3 ha iniciado sesión [] []
[2023-01-15T20:36:21.603370+01:00] Eventos de login de usuario.INFO: El usuario Sebastián Rodríguez Mazas ha cerrado sesión [] []
[2023-01-15T20:36:26.368638+01:00] Eventos de login de usuario.INFO: El usuario 3 ha iniciado sesión [] []
[2023-01-15T20:37:12.292207+01:00] Eventos de login de usuario.WARNING: Usuario usercode y Contraseña password Incorrectos introducidos [] []
[2023-01-15T20:38:19.562629+01:00] Eventos de login de usuario.WARNING: Usuario usercode y Contraseña password Incorrectos introducidos [] []
[2023-01-15T20:38:42.385831+01:00] Eventos de login de usuario.INFO: El usuario 3 ha iniciado sesión [] []
[2023-01-15T21:49:44.566228+01:00] Eventos de login de usuario.WARNING: Usuario usercode y Contraseña password Incorrectos introducidos [] []
[2023-01-15T21:49:47.197461+01:00] Eventos de login de usuario.WARNING: Usuario usercode y Contraseña password Incorrectos introducidos [] []
[2023-01-15T21:49:57.073882+01:00] Eventos de login de usuario.WARNING: Usuario P00003 y Contraseña P00003test Incorrectos introducidos [] []
[2023-01-15T21:51:17.992889+01:00] Eventos de login de usuario.WARNING: Usuario usercode y Contraseña password Incorrectos introducidos [] []
[2023-01-15T21:51:29.183952+01:00] Eventos de login de usuario.WARNING: Usuario P00003 y Contraseña P00003test Incorrectos introducidos [] []
[2023-01-15T21:52:56.393715+01:00] Eventos de login de usuario.INFO: El usuario  ha iniciado sesión [] []
[2023-01-15T21:53:22.328337+01:00] Eventos de login de usuario.WARNING: Usuario usercode y Contraseña password Incorrectos introducidos [] []
[2023-01-15T21:53:30.812512+01:00] Eventos de login de usuario.INFO: El usuario 3 ha iniciado sesión [] []
[2023-01-15T21:55:37.448174+01:00] Eventos de login de usuario.INFO: El usuario 3 ha iniciado sesión [] []
[2023-01-15T21:57:45.699992+01:00] Eventos de login de usuario.INFO: El usuario 3 ha iniciado sesión [] []
[2023-01-15T22:02:53.760165+01:00] Eventos de login de usuario.INFO: El usuario 2 ha iniciado sesión [] []
[2023-01-15T22:05:38.334458+01:00] Eventos de login de usuario.INFO: El usuario 2 ha iniciado sesión [] []
[2023-01-15T22:10:17.056103+01:00] Eventos de login de usuario.INFO: El usuario 2 ha iniciado sesión [] []
[2023-01-15T22:12:28.462932+01:00] Eventos de login de usuario.INFO: El usuario 2 ha iniciado sesión [] []
[2023-01-15T22:14:36.017592+01:00] Eventos de login de usuario.INFO: El usuario 2 ha iniciado sesión [] []
[2023-01-15T22:14:44.735712+01:00] Eventos de login de usuario.INFO: El usuario Distribuciones M.L. ha cerrado sesión [] []
[2023-01-15T22:14:52.089403+01:00] Eventos de login de usuario.INFO: El usuario 2 ha iniciado sesión [] []
[2023-01-15T22:15:03.850766+01:00] Eventos de login de usuario.INFO: El usuario Distribuciones M.L. ha cerrado sesión [] []
[2023-01-15T22:15:06.795047+01:00] Eventos de login de usuario.INFO: El usuario 2 ha iniciado sesión [] []
[2023-01-15T22:15:27.640422+01:00] Eventos de login de usuario.INFO: El usuario Distribuciones M.L. ha cerrado sesión [] []
[2023-01-15T22:15:31.765814+01:00] Eventos de login de usuario.INFO: El usuario 2 ha iniciado sesión [] []
[2023-01-15T22:15:46.433505+01:00] Eventos de login de usuario.WARNING: Usuario usercode y Contraseña password Incorrectos introducidos [] []
[2023-01-16T02:14:08.321450+01:00] Eventos de login de usuario.WARNING: Usuario usercode y Contraseña password Incorrectos introducidos [] []
[2023-01-16T02:14:22.628705+01:00] Eventos de login de usuario.INFO: El usuario 2 ha iniciado sesión [] []
[2023-01-16T02:15:16.156396+01:00] Eventos de login de usuario.INFO: El usuario Distribuciones M.L. ha cerrado sesión [] []
[2023-01-16T02:15:22.817517+01:00] Eventos de login de usuario.INFO: El usuario 2 ha iniciado sesión [] []
[2023-01-16T02:18:14.830699+01:00] Eventos de login de usuario.WARNING: Usuario usercode y Contraseña password Incorrectos introducidos [] []
[2023-01-16T02:18:29.705632+01:00] Eventos de login de usuario.WARNING: Usuario usercode y Contraseña password Incorrectos introducidos [] []
[2023-01-16T02:18:41.870859+01:00] Eventos de login de usuario.INFO: El usuario 2 ha iniciado sesión [] []
[2023-01-16T02:18:58.504259+01:00] Eventos de login de usuario.INFO: El usuario 2 ha iniciado sesión [] []
[2023-01-16T02:20:10.859511+01:00] Eventos de login de usuario.INFO: El usuario 2 ha iniciado sesión [] []
[2023-01-16T02:21:36.539518+01:00] Eventos de login de usuario.WARNING: Usuario usercode y Contraseña password Incorrectos introducidos [] []
[2023-01-16T02:21:52.525128+01:00] Eventos de login de usuario.INFO: El usuario 2 ha iniciado sesión [] []
[2023-01-16T02:22:22.468180+01:00] Eventos de login de usuario.WARNING: Usuario usercode y Contraseña password Incorrectos introducidos [] []
[2023-01-16T02:23:16.481897+01:00] Eventos de login de usuario.WARNING: Usuario usercode y Contraseña password Incorrectos introducidos [] []
[2023-01-16T02:23:27.204491+01:00] Eventos de login de usuario.WARNING: Usuario usercode y Contraseña password Incorrectos introducidos [] []
[2023-01-16T02:23:36.375765+01:00] Eventos de login de usuario.WARNING: Usuario usercode y Contraseña password Incorrectos introducidos [] []
[2023-01-16T02:23:47.207933+01:00] Eventos de login de usuario.WARNING: Usuario usercode y Contraseña password Incorrectos introducidos [] []
[2023-01-16T02:23:50.786819+01:00] Eventos de login de usuario.WARNING: Usuario usercode y Contraseña password Incorrectos introducidos [] []
[2023-01-16T02:24:00.860567+01:00] Eventos de login de usuario.INFO: El usuario 2 ha iniciado sesión [] []
[2023-01-16T02:25:34.118139+01:00] Eventos de login de usuario.WARNING: Usuario usercode y Contraseña password Incorrectos introducidos [] []
[2023-01-16T02:25:45.522968+01:00] Eventos de login de usuario.INFO: El usuario 2 ha iniciado sesión [] []
[2023-01-16T02:26:04.613578+01:00] Eventos de login de usuario.INFO: El usuario 2 ha iniciado sesión [] []
[2023-01-16T02:26:58.208493+01:00] Eventos de login de usuario.INFO: El usuario 2 ha iniciado sesión [] []
[2023-01-16T02:31:20.994339+01:00] Eventos de login de usuario.WARNING: Usuario usercode y Contraseña password Incorrectos introducidos [] []
[2023-01-16T02:31:23.150617+01:00] Eventos de login de usuario.WARNING: Usuario usercode y Contraseña password Incorrectos introducidos [] []
[2023-01-16T02:31:26.972751+01:00] Eventos de login de usuario.WARNING: Usuario usercode y Contraseña password Incorrectos introducidos [] []
[2023-01-16T02:31:40.893959+01:00] Eventos de login de usuario.INFO: El usuario 2 ha iniciado sesión [] []
[2023-01-16T02:31:58.624694+01:00] Eventos de login de usuario.INFO: El usuario 2 ha iniciado sesión [] []
[2023-01-16T02:35:20.964710+01:00] Eventos de login de usuario.WARNING: Usuario usercode y Contraseña password Incorrectos introducidos [] []
[2023-01-16T02:35:32.850405+01:00] Eventos de login de usuario.INFO: El usuario 2 ha iniciado sesión [] []
[2023-01-16T02:36:18.851498+01:00] Eventos de login de usuario.WARNING: Usuario usercode y Contraseña password Incorrectos introducidos [] []
[2023-01-16T02:36:32.230839+01:00] Eventos de login de usuario.INFO: El usuario 2 ha iniciado sesión [] []
[2023-01-16T02:36:50.121488+01:00] Eventos de login de usuario.INFO: El usuario 2 ha iniciado sesión [] []
[2023-01-18T11:39:31.610009+01:00] Eventos de login de usuario.WARNING: Usuario usercode y Contraseña password Incorrectos introducidos [] []
[2023-01-18T11:39:35.769094+01:00] Eventos de login de usuario.WARNING: Usuario usercode y Contraseña password Incorrectos introducidos [] []
[2023-01-18T11:40:00.361286+01:00] Eventos de login de usuario.INFO: El usuario 2 ha iniciado sesión [] []
[2023-01-18T11:40:23.930358+01:00] Eventos de login de usuario.INFO: El usuario 2 ha iniciado sesión [] []
[2023-01-18T11:40:48.843092+01:00] Eventos de login de usuario.INFO: El usuario 2 ha iniciado sesión [] []
[2023-01-18T11:43:39.734994+01:00] Eventos de login de usuario.WARNING: Usuario usercode y Contraseña password Incorrectos introducidos [] []
[2023-01-18T11:43:53.965626+01:00] Eventos de login de usuario.INFO: El usuario 2 ha iniciado sesión [] []
[2023-01-18T11:44:09.875814+01:00] Eventos de login de usuario.INFO: El usuario 2 ha iniciado sesión [] []
[2023-01-18T11:44:43.800169+01:00] Eventos de login de usuario.WARNING: Usuario usercode y Contraseña password Incorrectos introducidos [] []
[2023-01-18T11:44:46.434060+01:00] Eventos de login de usuario.WARNING: Usuario usercode y Contraseña password Incorrectos introducidos [] []
[2023-01-18T11:44:48.459467+01:00] Eventos de login de usuario.WARNING: Usuario usercode y Contraseña password Incorrectos introducidos [] []
[2023-01-18T11:46:26.074516+01:00] Eventos de login de usuario.WARNING: Usuario usercode y Contraseña password Incorrectos introducidos [] []
[2023-01-18T11:46:42.059774+01:00] Eventos de login de usuario.INFO: El usuario 2 ha iniciado sesión [] []
[2023-01-18T11:48:09.340419+01:00] Eventos de login de usuario.INFO: El usuario 2 ha iniciado sesión [] []
[2023-01-18T11:49:42.881297+01:00] Eventos de login de usuario.WARNING: Usuario usercode y Contraseña password Incorrectos introducidos [] []
[2023-01-18T11:49:55.331451+01:00] Eventos de login de usuario.INFO: El usuario 2 ha iniciado sesión [] []
[2023-01-18T11:50:10.700957+01:00] Eventos de login de usuario.INFO: El usuario 2 ha iniciado sesión [] []
[2023-01-18T11:52:22.807199+01:00] Eventos de login de usuario.WARNING: Usuario usercode y Contraseña password Incorrectos introducidos [] []
[2023-01-18T11:52:24.889361+01:00] Eventos de login de usuario.WARNING: Usuario usercode y Contraseña password Incorrectos introducidos [] []
[2023-01-18T11:52:32.735698+01:00] Eventos de login de usuario.INFO: El usuario 2 ha iniciado sesión [] []
[2023-01-18T11:52:53.481683+01:00] Eventos de login de usuario.WARNING: Usuario usercode y Contraseña password Incorrectos introducidos [] []
[2023-01-18T11:52:54.868114+01:00] Eventos de login de usuario.WARNING: Usuario usercode y Contraseña password Incorrectos introducidos [] []
[2023-01-18T11:53:24.231347+01:00] Eventos de login de usuario.INFO: El usuario 2 ha iniciado sesión [] []
[2023-01-18T11:53:34.879056+01:00] Eventos de login de usuario.INFO: El usuario Distribuciones M.L. ha cerrado sesión [] []
[2023-01-18T11:53:43.682236+01:00] Eventos de login de usuario.INFO: El usuario 2 ha iniciado sesión [] []
[2023-01-18T11:53:48.716486+01:00] Eventos de login de usuario.INFO: El usuario Distribuciones M.L. ha cerrado sesión [] []
[2023-01-18T11:56:00.070359+01:00] Eventos de login de usuario.INFO: El usuario 2 ha iniciado sesión [] []
[2023-01-18T11:57:03.922204+01:00] Eventos de login de usuario.INFO: El usuario 2 ha iniciado sesión [] []
[2023-01-18T12:00:03.068012+01:00] Eventos de login de usuario.INFO: El usuario Distribuciones M.L. ha cerrado sesión [] []
[2023-01-18T12:00:52.015066+01:00] Eventos de login de usuario.WARNING: Usuario usercode y Contraseña password Incorrectos introducidos [] []
[2023-01-18T12:01:01.242698+01:00] Eventos de login de usuario.INFO: El usuario 2 ha iniciado sesión [] []
[2023-01-18T14:21:28.388336+01:00] Eventos de login de usuario.INFO: El usuario Distribuciones M.L. ha cerrado sesión [] []
[2023-01-18T14:21:37.336263+01:00] Eventos de login de usuario.WARNING: Usuario E00002 y Contraseña E00002test Incorrectos introducidos [] []
[2023-01-18T14:22:02.962884+01:00] Eventos de login de usuario.INFO: El usuario 2 ha iniciado sesión [] []
